# evidence-cmd: cd plugins/webster && uvx pytest tests/test_slop.py tests/test_scaffold.py -v --no-header -p no:cacheprovider
# evidence-for: US-010, AC-039, FR-039
# evidence-volatile: \d+\.\d+s

============================= test session starts ==============================
collecting ... collected 19 items

tests/test_slop.py::test_weak_verb_page_reports_medium_and_exits_zero PASSED [  5%]
tests/test_slop.py::test_supercharge_still_exits_one PASSED              [ 10%]
tests/test_slop.py::test_human_co_author_trailer_exits_zero PASSED       [ 15%]
tests/test_slop.py::test_ai_co_author_trailer_reports_agent_attribution PASSED [ 21%]
tests/test_slop.py::test_text_marks_in_headings_are_not_emoji PASSED     [ 26%]
tests/test_slop.py::test_presentation_emoji_in_heading_is_reported PASSED [ 31%]
tests/test_slop.py::test_missing_target_exits_two PASSED                 [ 36%]
tests/test_slop.py::test_dangling_symlink_page_exits_two PASSED          [ 42%]
tests/test_slop.py::test_kept_supplementary_range_reports_a_non_emoji_block PASSED [ 47%]
tests/test_scaffold.py::test_bad_subject_key_writes_nothing_and_exits_two PASSED [ 52%]
tests/test_scaffold.py::test_valid_subject_key_creates_the_landing_page PASSED [ 57%]
tests/test_scaffold.py::test_unwritable_docs_path_exits_two_without_a_traceback PASSED [ 63%]
tests/test_scaffold.py::test_unwritable_subject_label_writes_nothing_and_exits_two PASSED [ 68%]
tests/test_scaffold.py::test_unwritable_title_writes_nothing_and_exits_two PASSED [ 73%]
tests/test_scaffold.py::test_unlistable_directory_below_the_top_level_exits_two PASSED [ 78%]
tests/test_scaffold.py::test_help_names_an_exit_set_for_both_modes PASSED [ 84%]
tests/test_scaffold.py::test_unreadable_page_exits_two_without_a_traceback PASSED [ 89%]
tests/test_scaffold.py::test_malformed_category_json_stays_a_violation PASSED [ 94%]
tests/test_scaffold.py::test_every_documented_envelope_leads_with_status PASSED [100%]

============================== 19 passed in 0.69s ==============================
